<?xml version="1.0" encoding="UTF-8"?>
<testng-results skipped="0" failed="0" total="3" passed="3">
  <reporter-output>
  </reporter-output>
  <suite name="Test.ProductsTest" duration-ms="16" started-at="2016-01-12T19:00:01Z" finished-at="2016-01-12T19:00:01Z">
    <groups>
    </groups>
    <test name="Command line test" duration-ms="16" started-at="2016-01-12T19:00:01Z" finished-at="2016-01-12T19:00:01Z">
      <class name="Test.ProductsTest">
        <test-method status="PASS" signature="setUp()[pri:0, instance:Test.ProductsTest@124409e]" name="setUp" is-config="true" duration-ms="0" started-at="2016-01-12T19:00:01Z" finished-at="2016-01-12T19:00:01Z">
        </test-method> <!-- setUp -->
        <test-method status="PASS" signature="testresultsForCamera()[pri:0, instance:Test.ProductsTest@124409e]" name="testresultsForCamera" duration-ms="0" started-at="2016-01-12T19:00:01Z" finished-at="2016-01-12T19:00:01Z">
        </test-method> <!-- testresultsForCamera -->
        <test-method status="PASS" signature="tearDown()[pri:0, instance:Test.ProductsTest@124409e]" name="tearDown" is-config="true" duration-ms="0" started-at="2016-01-12T19:00:01Z" finished-at="2016-01-12T19:00:01Z">
        </test-method> <!-- tearDown -->
        <test-method status="PASS" signature="testresultsForMobile()[pri:0, instance:Test.ProductsTest@124409e]" name="testresultsForMobile" duration-ms="0" started-at="2016-01-12T19:00:01Z" finished-at="2016-01-12T19:00:01Z">
        </test-method> <!-- testresultsForMobile -->
        <test-method status="PASS" signature="testresultsForLaptop()[pri:0, instance:Test.ProductsTest@124409e]" name="testresultsForLaptop" duration-ms="0" started-at="2016-01-12T19:00:01Z" finished-at="2016-01-12T19:00:01Z">
        </test-method> <!-- testresultsForLaptop -->
      </class> <!-- Test.ProductsTest -->
    </test> <!-- Command line test -->
  </suite> <!-- Test.ProductsTest -->
</testng-results>
