<?xml version="1.0" encoding="UTF-8"?>
<testng-results skipped="0" failed="0" total="2" passed="2">
  <reporter-output>
  </reporter-output>
  <suite name="Surefire suite" duration-ms="13484" started-at="2016-01-12T19:00:12Z" finished-at="2016-01-12T19:00:25Z">
    <groups>
    </groups>
    <test name="Surefire test" duration-ms="13484" started-at="2016-01-12T19:00:12Z" finished-at="2016-01-12T19:00:25Z">
      <class name="Test.RegressionTestIT">
        <test-method status="PASS" signature="searchTest()[pri:0, instance:Test.RegressionTestIT@8dacdf]" name="searchTest" duration-ms="6481" started-at="2016-01-12T19:00:19Z" finished-at="2016-01-12T19:00:25Z">
        </test-method> <!-- searchTest -->
      </class> <!-- Test.RegressionTestIT -->
      <class name="Test.BasicTestIT">
        <test-method status="PASS" signature="f()[pri:0, instance:Test.BasicTestIT@5fc7f7]" name="f" duration-ms="6988" started-at="2016-01-12T19:00:12Z" finished-at="2016-01-12T19:00:19Z">
        </test-method> <!-- f -->
      </class> <!-- Test.BasicTestIT -->
    </test> <!-- Surefire test -->
  </suite> <!-- Surefire suite -->
</testng-results>
