<?xml version="1.0" encoding="UTF-8"?>
<!-- Generated by org.testng.reporters.JUnitXMLReporter -->
<testsuite hostname="LT030552" name="Command line test" tests="3" failures="0" timestamp="12 Jan 2016 13:30:01 GMT" time="0.016" errors="0">
  <testcase name="testresultsForCamera" time="0.0" classname="Test.ProductsTest"/>
  <testcase name="testresultsForLaptop" time="0.0" classname="Test.ProductsTest"/>
  <testcase name="testresultsForMobile" time="0.0" classname="Test.ProductsTest"/>
</testsuite> <!-- Command line test -->
